<?xml version="1.0" encoding="UTF-8"?>
<testsuite xmlns:xsi="http://www.w3.org/2001/XMLSchema-instance" xsi:noNamespaceSchemaLocation="https://maven.apache.org/surefire/maven-surefire-plugin/xsd/surefire-test-report.xsd" name="EmployeesTest" time="0.304" tests="30" errors="0" skipped="0" failures="0">
  <properties>
    <property name="java.specification.version" value="14"/>
    <property name="sun.jnu.encoding" value="UTF-8"/>
    <property name="java.class.path" value="/Users/laloschjetnan/Developer/NetBeansProjects/mooc-java-programming-ii/part10-Part10_16.EnumAndIterator/target/test-classes:/Users/laloschjetnan/Developer/NetBeansProjects/mooc-java-programming-ii/part10-Part10_16.EnumAndIterator/target/classes:/Users/laloschjetnan/.m2/repository/junit/junit/4.12/junit-4.12.jar:/Users/laloschjetnan/.m2/repository/org/hamcrest/hamcrest-core/1.3/hamcrest-core-1.3.jar:/Users/laloschjetnan/.m2/repository/fi/helsinki/cs/tmc/edu-test-utils/0.4.2/edu-test-utils-0.4.2.jar:"/>
    <property name="java.vm.vendor" value="Oracle Corporation"/>
    <property name="sun.arch.data.model" value="64"/>
    <property name="java.vendor.url" value="https://java.oracle.com/"/>
    <property name="os.name" value="Mac OS X"/>
    <property name="java.vm.specification.version" value="14"/>
    <property name="sun.java.launcher" value="SUN_STANDARD"/>
    <property name="user.country" value="GB"/>
    <property name="sun.boot.library.path" value="/Library/Java/JavaVirtualMachines/jdk-14.0.1.jdk/Contents/Home/lib"/>
    <property name="sun.java.command" value="/Users/laloschjetnan/Developer/NetBeansProjects/mooc-java-programming-ii/part10-Part10_16.EnumAndIterator/target/surefire/surefirebooter4669870793322889522.jar /Users/laloschjetnan/Developer/NetBeansProjects/mooc-java-programming-ii/part10-Part10_16.EnumAndIterator/target/surefire 2020-07-10T08-39-16_291-jvmRun1 surefire14935587674804850290tmp surefire_08574972633586078149tmp"/>
    <property name="http.nonProxyHosts" value="local|*.local|169.254/16|*.169.254/16"/>
    <property name="jdk.debug" value="release"/>
    <property name="surefire.test.class.path" value="/Users/laloschjetnan/Developer/NetBeansProjects/mooc-java-programming-ii/part10-Part10_16.EnumAndIterator/target/test-classes:/Users/laloschjetnan/Developer/NetBeansProjects/mooc-java-programming-ii/part10-Part10_16.EnumAndIterator/target/classes:/Users/laloschjetnan/.m2/repository/junit/junit/4.12/junit-4.12.jar:/Users/laloschjetnan/.m2/repository/org/hamcrest/hamcrest-core/1.3/hamcrest-core-1.3.jar:/Users/laloschjetnan/.m2/repository/fi/helsinki/cs/tmc/edu-test-utils/0.4.2/edu-test-utils-0.4.2.jar:"/>
    <property name="sun.cpu.endian" value="little"/>
    <property name="user.home" value="/Users/laloschjetnan"/>
    <property name="user.language" value="en"/>
    <property name="java.specification.vendor" value="Oracle Corporation"/>
    <property name="java.version.date" value="2020-04-14"/>
    <property name="java.home" value="/Library/Java/JavaVirtualMachines/jdk-14.0.1.jdk/Contents/Home"/>
    <property name="file.separator" value="/"/>
    <property name="basedir" value="/Users/laloschjetnan/Developer/NetBeansProjects/mooc-java-programming-ii/part10-Part10_16.EnumAndIterator"/>
    <property name="java.vm.compressedOopsMode" value="Zero based"/>
    <property name="line.separator" value="&#10;"/>
    <property name="java.specification.name" value="Java Platform API Specification"/>
    <property name="java.vm.specification.vendor" value="Oracle Corporation"/>
    <property name="surefire.real.class.path" value="/Users/laloschjetnan/Developer/NetBeansProjects/mooc-java-programming-ii/part10-Part10_16.EnumAndIterator/target/surefire/surefirebooter4669870793322889522.jar"/>
    <property name="jdk.net.URLClassPath.disableClassPathURLCheck" value="true"/>
    <property name="sun.management.compiler" value="HotSpot 64-Bit Tiered Compilers"/>
    <property name="ftp.nonProxyHosts" value="local|*.local|169.254/16|*.169.254/16"/>
    <property name="java.runtime.version" value="14.0.1+7"/>
    <property name="user.name" value="laloschjetnan"/>
    <property name="path.separator" value=":"/>
    <property name="os.version" value="10.15.5"/>
    <property name="java.runtime.name" value="Java(TM) SE Runtime Environment"/>
    <property name="file.encoding" value="UTF-8"/>
    <property name="java.vm.name" value="Java HotSpot(TM) 64-Bit Server VM"/>
    <property name="localRepository" value="/Users/laloschjetnan/.m2/repository"/>
    <property name="java.vendor.url.bug" value="https://bugreport.java.com/bugreport/"/>
    <property name="java.io.tmpdir" value="/var/folders/6p/g9btgd6d4_3dwdgzcry9zjnm0000gn/T/"/>
    <property name="java.version" value="14.0.1"/>
    <property name="user.dir" value="/Users/laloschjetnan/Developer/NetBeansProjects/mooc-java-programming-ii/part10-Part10_16.EnumAndIterator"/>
    <property name="os.arch" value="x86_64"/>
    <property name="java.vm.specification.name" value="Java Virtual Machine Specification"/>
    <property name="java.library.path" value="/Users/laloschjetnan/Library/Java/Extensions:/Library/Java/Extensions:/Network/Library/Java/Extensions:/System/Library/Java/Extensions:/usr/lib/java:."/>
    <property name="java.vm.info" value="mixed mode, sharing"/>
    <property name="java.vendor" value="Oracle Corporation"/>
    <property name="java.vm.version" value="14.0.1+7"/>
    <property name="sun.io.unicode.encoding" value="UnicodeBig"/>
    <property name="socksNonProxyHosts" value="local|*.local|169.254/16|*.169.254/16"/>
    <property name="java.class.version" value="58.0"/>
  </properties>
  <testcase name="hasMethodAddPerson" classname="EmployeesTest" time="0.025"/>
  <testcase name="firingWorks" classname="EmployeesTest" time="0.129"/>
  <testcase name="PersonnToString2" classname="EmployeesTest" time="0.002"/>
  <testcase name="hasMethodAddList" classname="EmployeesTest" time="0"/>
  <testcase name="filteredPrintingUsesIterator" classname="EmployeesTest" time="0.022"/>
  <testcase name="hasMethodPrint" classname="EmployeesTest" time="0.001"/>
  <testcase name="hasClassPerson" classname="EmployeesTest" time="0"/>
  <testcase name="hasEmployeesClass" classname="EmployeesTest" time="0"/>
  <testcase name="enumHasCorrectValues" classname="EmployeesTest" time="0"/>
  <testcase name="hasMethodFire" classname="EmployeesTest" time="0"/>
  <testcase name="printingUsesIterator" classname="EmployeesTest" time="0.005"/>
  <testcase name="filteredPrintingWorks" classname="EmployeesTest" time="0.001"/>
  <testcase name="PersonHasCorrectObjectVariables" classname="EmployeesTest" time="0"/>
  <testcase name="PersonHasCorrectConstructor" classname="EmployeesTest" time="0.001"/>
  <testcase name="testGetEducation" classname="EmployeesTest" time="0"/>
  <testcase name="printingWorks1" classname="EmployeesTest" time="0.001"/>
  <testcase name="printingWorks2" classname="EmployeesTest" time="0.001"/>
  <testcase name="printingWorks3" classname="EmployeesTest" time="0.001"/>
  <testcase name="hasEnumEducation" classname="EmployeesTest" time="0"/>
  <testcase name="PersonToString" classname="EmployeesTest" time="0"/>
  <testcase name="employeesHasCorrectConstructor" classname="EmployeesTest" time="0.001"/>
  <testcase name="firingWorks2" classname="EmployeesTest" time="0"/>
  <testcase name="firingWorks3" classname="EmployeesTest" time="0.002"/>
  <testcase name="firingWorks4" classname="EmployeesTest" time="0.001"/>
  <testcase name="filteredPrintingWorks1b" classname="EmployeesTest" time="0.001"/>
  <testcase name="getEducationWorks" classname="EmployeesTest" time="0.001"/>
  <testcase name="hasMethodPrintEducation" classname="EmployeesTest" time="0"/>
  <testcase name="firingUsesIterator" classname="EmployeesTest" time="0.002"/>
  <testcase name="getEducationThrowsNoError" classname="EmployeesTest" time="0.001"/>
  <testcase name="noUnnecessaryObjectVariables" classname="EmployeesTest" time="0"/>
</testsuite>